TN:
SF:src\config.ts
FN:5,demand
FNF:1
FNH:1
FNDA:18,demand
DA:1,1
DA:2,1
DA:3,1
DA:4,1
DA:5,18
DA:6,18
DA:7,18
DA:8,0
DA:9,0
DA:10,18
DA:11,18
DA:12,1
DA:13,1
DA:14,1
DA:15,1
DA:16,1
DA:17,1
DA:18,1
DA:19,1
DA:20,1
DA:21,1
DA:22,1
DA:23,1
DA:24,1
DA:25,1
DA:26,1
DA:27,1
DA:28,1
DA:29,1
DA:30,1
DA:31,1
LF:31
LH:29
BRDA:5,0,0,18
BRDA:6,1,0,2
BRDA:7,2,0,0
BRF:3
BRH:2
end_of_record
TN:
SF:src\data\user.ts
FN:4,createUser
FN:12,findUserById
FN:20,findUserByName
FN:28,deleteUser
FNF:4
FNH:0
FNDA:0,createUser
FNDA:0,findUserById
FNDA:0,findUserByName
FNDA:0,deleteUser
DA:1,1
DA:2,1
DA:3,1
DA:4,0
DA:5,0
DA:6,0
DA:7,0
DA:8,0
DA:9,0
DA:10,0
DA:11,1
DA:12,0
DA:13,0
DA:14,0
DA:15,0
DA:16,0
DA:17,0
DA:18,0
DA:19,1
DA:20,0
DA:21,0
DA:22,0
DA:23,0
DA:24,0
DA:25,0
DA:26,0
DA:27,1
DA:28,0
DA:29,0
DA:30,0
DA:31,0
DA:32,0
DA:33,0
DA:34,0
DA:35,1
DA:36,1
DA:37,1
DA:38,1
DA:39,1
DA:40,1
LF:40
LH:12
BRF:0
BRH:0
end_of_record
TN:
SF:src\db\database.ts
FNF:0
FNH:0
DA:1,1
DA:2,1
DA:3,1
DA:4,1
DA:5,1
DA:6,1
DA:7,1
DA:8,1
DA:9,1
DA:10,1
LF:10
LH:10
BRF:0
BRH:0
end_of_record
TN:
SF:src\middleware\auth.ts
FN:7,isAuth
FNF:1
FNH:1
FNDA:5,isAuth
DA:1,1
DA:2,1
DA:3,1
DA:4,1
DA:5,1
DA:6,1
DA:7,1
DA:8,5
DA:9,5
DA:10,5
DA:11,5
DA:12,5
DA:13,3
DA:14,3
DA:15,5
DA:16,5
DA:17,2
DA:18,2
DA:19,3
DA:20,3
DA:21,3
DA:22,3
DA:23,3
DA:24,3
DA:25,1
DA:26,1
DA:27,2
DA:28,2
DA:29,3
DA:30,1
DA:31,1
DA:32,1
DA:33,1
DA:34,1
DA:35,1
DA:36,3
DA:37,3
LF:37
LH:37
BRDA:7,0,0,5
BRDA:12,1,0,4
BRDA:12,2,0,3
BRDA:16,3,0,2
BRDA:19,4,0,3
BRDA:23,5,0,3
BRDA:23,6,0,3
BRDA:24,7,0,1
BRDA:27,8,0,2
BRDA:29,9,0,1
BRF:10
BRH:10
end_of_record
TN:
SF:src\util\promise.ts
FN:4,createPromiseWithDBQuery
FNF:1
FNH:0
FNDA:0,createPromiseWithDBQuery
DA:1,1
DA:2,1
DA:3,1
DA:4,0
DA:5,0
DA:6,0
DA:7,0
DA:8,0
DA:9,0
DA:10,0
DA:11,0
DA:12,0
DA:13,0
DA:14,0
DA:15,0
LF:15
LH:3
BRF:0
BRH:0
end_of_record
